2020.07.18 13:37:54 INFO  started: Metals version 0.9.0 in workspace 'F:\ucsc\2 year\lecs\SCS2204 FUNCTIONAL PROGEAMMING\Assignments\FunctionalProgramingAssignments\Assignment_4'
2020.07.18 13:37:56 INFO  time: initialize in 2.54s
2020.07.18 13:37:58 WARN  no build tool detected in workspace 'F:\ucsc\2 year\lecs\SCS2204 FUNCTIONAL PROGEAMMING\Assignments\FunctionalProgramingAssignments\Assignment_4'. The most common cause for this problem is that the editor was opened in the wrong working directory, for example if you use sbt then the workspace directory should contain build.sbt. 
2020.07.18 13:37:58 INFO  no build target: using presentation compiler with only scala-library
2020.07.18 13:38:04 WARN  no build target for: F:\ucsc\2 year\lecs\SCS2204 FUNCTIONAL PROGEAMMING\Assignments\FunctionalProgramingAssignments\Assignment_4\Q1.scala
2020.07.18 13:38:04 WARN  no build target for: F:\ucsc\2 year\lecs\SCS2204 FUNCTIONAL PROGEAMMING\Assignments\FunctionalProgramingAssignments\Assignment_3\q4.scala
Jul 18, 2020 1:38:04 PM org.eclipse.lsp4j.jsonrpc.RemoteEndpoint handleCancellation
WARNING: Unmatched cancel notification for request id 4
Jul 18, 2020 1:38:04 PM org.eclipse.lsp4j.jsonrpc.RemoteEndpoint handleCancellation
WARNING: Unmatched cancel notification for request id 8
Jul 18, 2020 1:38:04 PM org.eclipse.lsp4j.jsonrpc.RemoteEndpoint handleCancellation
WARNING: Unmatched cancel notification for request id 5
2020.07.18 13:40:28 WARN  no build target for: F:\ucsc\2 year\lecs\SCS2204 FUNCTIONAL PROGEAMMING\Assignments\FunctionalProgramingAssignments\Assignment_4\Q1.scala
2020.07.18 13:43:54 WARN  no build target for: F:\ucsc\2 year\lecs\SCS2204 FUNCTIONAL PROGEAMMING\Assignments\FunctionalProgramingAssignments\Assignment_3\q1.scala
2020.07.18 13:49:17 WARN  no build target for: F:\ucsc\2 year\lecs\SCS2204 FUNCTIONAL PROGEAMMING\Assignments\FunctionalProgramingAssignments\Assignment_4\Q1.scala
2020.07.18 13:50:20 WARN  no build target for: F:\ucsc\2 year\lecs\SCS2204 FUNCTIONAL PROGEAMMING\Assignments\FunctionalProgramingAssignments\Assignment_4\Q1.scala
2020.07.18 13:51:38 WARN  no build target for: F:\ucsc\2 year\lecs\SCS2204 FUNCTIONAL PROGEAMMING\Assignments\FunctionalProgramingAssignments\Assignment_4\Q1.scala
2020.07.18 13:52:02 WARN  no build target for: F:\ucsc\2 year\lecs\SCS2204 FUNCTIONAL PROGEAMMING\Assignments\FunctionalProgramingAssignments\Assignment_4\Q1.scala
2020.07.18 13:52:23 WARN  no build target for: F:\ucsc\2 year\lecs\SCS2204 FUNCTIONAL PROGEAMMING\Assignments\FunctionalProgramingAssignments\Assignment_4\Q1.scala
2020.07.18 13:52:44 WARN  no build target for: F:\ucsc\2 year\lecs\SCS2204 FUNCTIONAL PROGEAMMING\Assignments\FunctionalProgramingAssignments\Assignment_4\Q1.scala
2020.07.18 13:55:22 WARN  no build target for: F:\ucsc\2 year\lecs\SCS2204 FUNCTIONAL PROGEAMMING\Assignments\FunctionalProgramingAssignments\Assignment_4\Q1.scala
2020.07.18 13:56:22 WARN  no build target for: F:\ucsc\2 year\lecs\SCS2204 FUNCTIONAL PROGEAMMING\Assignments\FunctionalProgramingAssignments\Assignment_4\Q1.scala
2020.07.18 14:00:33 WARN  no build target for: F:\ucsc\2 year\lecs\SCS2204 FUNCTIONAL PROGEAMMING\Assignments\FunctionalProgramingAssignments\Assignment_3\q1.scala
2020.07.18 14:02:16 WARN  no build target for: F:\ucsc\2 year\lecs\SCS2204 FUNCTIONAL PROGEAMMING\Assignments\FunctionalProgramingAssignments\Assignment_4\Q1.scala
2020.07.18 14:02:18 INFO  shutting down Metals
2020.07.18 18:36:17 INFO  started: Metals version 0.9.2 in workspace 'F:\ucsc\2 year\lecs\SCS2204 FUNCTIONAL PROGEAMMING\Assignments\FunctionalProgramingAssignments\Assignment_4' for client vscode.
2020.07.18 18:36:18 INFO  time: initialize in 1.48s
2020.07.18 18:36:20 WARN  resetting database: F:\ucsc\2 year\lecs\SCS2204 FUNCTIONAL PROGEAMMING\Assignments\FunctionalProgramingAssignments\Assignment_4\.metals\metals.h2.db
2020.07.18 18:36:23 WARN  no build tool detected in workspace 'F:\ucsc\2 year\lecs\SCS2204 FUNCTIONAL PROGEAMMING\Assignments\FunctionalProgramingAssignments\Assignment_4'. The most common cause for this problem is that the editor was opened in the wrong working directory, for example if you use sbt then the workspace directory should contain build.sbt. 
2020.07.18 18:36:23 INFO  no build target: using presentation compiler with only scala-library
2020.07.18 18:36:28 WARN  no build target for: F:\ucsc\2 year\lecs\SCS2204 FUNCTIONAL PROGEAMMING\Assignments\FunctionalProgramingAssignments\Assignment_4\Q1.scala
2020.07.18 18:37:15 WARN  no build target for: F:\ucsc\2 year\lecs\SCS2204 FUNCTIONAL PROGEAMMING\Assignments\FunctionalProgramingAssignments\Assignment_4\Q1.scala
Jul 18, 2020 6:38:02 PM scala.meta.internal.pc.CompletionProvider expected$1
WARNING: offset 626, count -1, length 707
2020.07.18 18:38:26 WARN  no build target for: F:\ucsc\2 year\lecs\SCS2204 FUNCTIONAL PROGEAMMING\Assignments\FunctionalProgramingAssignments\Assignment_4\Q1.scala
something's wrong: no file:///f%3A/ucsc/2%20year/lecs/SCS2204%20FUNCTIONAL%20PROGEAMMING/Assignments/FunctionalProgramingAssignments/Assignment_4/Q1.scala in (Char, Int, String) => <error>RangePosition(file:///f%3A/ucsc/2%20year/lecs/SCS2204%20FUNCTIONAL%20PROGEAMMING/Assignments/FunctionalProgramingAssignments/Assignment_4/Q1.scala, 311, 330, 334)
2020.07.18 18:40:35 WARN  no build target for: F:\ucsc\2 year\lecs\SCS2204 FUNCTIONAL PROGEAMMING\Assignments\FunctionalProgramingAssignments\Assignment_4\Q1.scala
2020.07.18 18:41:35 WARN  no build target for: F:\ucsc\2 year\lecs\SCS2204 FUNCTIONAL PROGEAMMING\Assignments\FunctionalProgramingAssignments\Assignment_4\Q1.scala
2020.07.18 18:42:29 WARN  no build tool detected in workspace 'F:\ucsc\2 year\lecs\SCS2204 FUNCTIONAL PROGEAMMING\Assignments\FunctionalProgramingAssignments\Assignment_4'. The most common cause for this problem is that the editor was opened in the wrong working directory, for example if you use sbt then the workspace directory should contain build.sbt. 
2020.07.18 18:42:29 WARN  no build tool detected in workspace 'F:\ucsc\2 year\lecs\SCS2204 FUNCTIONAL PROGEAMMING\Assignments\FunctionalProgramingAssignments\Assignment_4'. The most common cause for this problem is that the editor was opened in the wrong working directory, for example if you use sbt then the workspace directory should contain build.sbt. 
2020.07.18 18:42:29 WARN  no build target for: F:\ucsc\2 year\lecs\SCS2204 FUNCTIONAL PROGEAMMING\Assignments\FunctionalProgramingAssignments\Assignment_4\Q1.scala
2020.07.18 18:43:53 WARN  no build target for: F:\ucsc\2 year\lecs\SCS2204 FUNCTIONAL PROGEAMMING\Assignments\FunctionalProgramingAssignments\Assignment_4\Q1.scala
2020.07.18 18:44:42 WARN  no build target for: F:\ucsc\2 year\lecs\SCS2204 FUNCTIONAL PROGEAMMING\Assignments\FunctionalProgramingAssignments\Assignment_4\Q1.scala
something's wrong: no file:///f%3A/ucsc/2%20year/lecs/SCS2204%20FUNCTIONAL%20PROGEAMMING/Assignments/FunctionalProgramingAssignments/Assignment_4/Q1.scala in (Char, String, Int, String) => CharRangePosition(file:///f%3A/ucsc/2%20year/lecs/SCS2204%20FUNCTIONAL%20PROGEAMMING/Assignments/FunctionalProgramingAssignments/Assignment_4/Q1.scala, 311, 338, 345)
2020.07.18 19:16:07 WARN  no build target for: F:\ucsc\2 year\lecs\SCS2204 FUNCTIONAL PROGEAMMING\Assignments\FunctionalProgramingAssignments\Assignment_4\Q1.scala
2020.07.18 19:16:07 WARN  no build target for: F:\ucsc\2 year\lecs\SCS2204 FUNCTIONAL PROGEAMMING\Assignments\FunctionalProgramingAssignments\Assignment_4\Q1.scala
2020.07.18 19:16:59 WARN  no build target for: F:\ucsc\2 year\lecs\SCS2204 FUNCTIONAL PROGEAMMING\Assignments\FunctionalProgramingAssignments\Assignment_4\Q1.scala
2020.07.18 19:20:10 WARN  no build target for: F:\ucsc\2 year\lecs\SCS2204 FUNCTIONAL PROGEAMMING\Assignments\FunctionalProgramingAssignments\Assignment_4\Q1.scala
2020.07.18 19:21:18 WARN  no build target for: F:\ucsc\2 year\lecs\SCS2204 FUNCTIONAL PROGEAMMING\Assignments\FunctionalProgramingAssignments\Assignment_4\Q1.scala
2020.07.18 19:21:54 WARN  no build target for: F:\ucsc\2 year\lecs\SCS2204 FUNCTIONAL PROGEAMMING\Assignments\FunctionalProgramingAssignments\Assignment_4\Q1.scala
2020.07.18 19:24:45 WARN  no build target for: F:\ucsc\2 year\lecs\SCS2204 FUNCTIONAL PROGEAMMING\Assignments\FunctionalProgramingAssignments\Assignment_4\Q1.scala
2020.07.18 19:24:56 WARN  no build target for: F:\ucsc\2 year\lecs\SCS2204 FUNCTIONAL PROGEAMMING\Assignments\FunctionalProgramingAssignments\Assignment_4\Q1.scala
2020.07.18 19:29:04 WARN  no build target for: F:\ucsc\2 year\lecs\SCS2204 FUNCTIONAL PROGEAMMING\Assignments\FunctionalProgramingAssignments\Assignment_4\Q1.scala
2020.07.18 19:29:39 WARN  no build target for: F:\ucsc\2 year\lecs\SCS2204 FUNCTIONAL PROGEAMMING\Assignments\FunctionalProgramingAssignments\Assignment_4\Q1.scala
2020.07.18 19:29:39 WARN  no build target for: F:\ucsc\2 year\lecs\SCS2204 FUNCTIONAL PROGEAMMING\Assignments\FunctionalProgramingAssignments\Assignment_4\Q1.scala
2020.07.18 19:30:08 WARN  no build target for: F:\ucsc\2 year\lecs\SCS2204 FUNCTIONAL PROGEAMMING\Assignments\FunctionalProgramingAssignments\Assignment_4\Q1.scala
2020.07.18 19:30:38 WARN  no build target for: F:\ucsc\2 year\lecs\SCS2204 FUNCTIONAL PROGEAMMING\Assignments\FunctionalProgramingAssignments\Assignment_4\Q1.scala
2020.07.18 19:32:01 WARN  no build tool detected in workspace 'F:\ucsc\2 year\lecs\SCS2204 FUNCTIONAL PROGEAMMING\Assignments\FunctionalProgramingAssignments\Assignment_4'. The most common cause for this problem is that the editor was opened in the wrong working directory, for example if you use sbt then the workspace directory should contain build.sbt. 
2020.07.18 19:32:01 WARN  no build target for: F:\ucsc\2 year\lecs\SCS2204 FUNCTIONAL PROGEAMMING\Assignments\FunctionalProgramingAssignments\Assignment_4\Q1.scala
2020.07.18 19:32:01 WARN  no build tool detected in workspace 'F:\ucsc\2 year\lecs\SCS2204 FUNCTIONAL PROGEAMMING\Assignments\FunctionalProgramingAssignments\Assignment_4'. The most common cause for this problem is that the editor was opened in the wrong working directory, for example if you use sbt then the workspace directory should contain build.sbt. 
2020.07.18 19:32:13 WARN  no build target for: F:\ucsc\2 year\lecs\SCS2204 FUNCTIONAL PROGEAMMING\Assignments\FunctionalProgramingAssignments\Assignment_4\Q1.scala
2020.07.18 19:32:15 WARN  no build target for: F:\ucsc\2 year\lecs\SCS2204 FUNCTIONAL PROGEAMMING\Assignments\FunctionalProgramingAssignments\Assignment_4\Q1.scala
2020.07.18 19:32:36 WARN  no build target for: F:\ucsc\2 year\lecs\SCS2204 FUNCTIONAL PROGEAMMING\Assignments\FunctionalProgramingAssignments\Assignment_4\Q1.scala
2020.07.18 19:33:24 WARN  no build target for: F:\ucsc\2 year\lecs\SCS2204 FUNCTIONAL PROGEAMMING\Assignments\FunctionalProgramingAssignments\Assignment_4\Q1.scala
2020.07.18 19:36:37 WARN  no build target for: F:\ucsc\2 year\lecs\SCS2204 FUNCTIONAL PROGEAMMING\Assignments\FunctionalProgramingAssignments\Assignment_4\Q1.scala
2020.07.18 19:37:03 WARN  no build target for: F:\ucsc\2 year\lecs\SCS2204 FUNCTIONAL PROGEAMMING\Assignments\FunctionalProgramingAssignments\Assignment_4\Q1.scala
2020.07.18 19:37:03 WARN  no build tool detected in workspace 'F:\ucsc\2 year\lecs\SCS2204 FUNCTIONAL PROGEAMMING\Assignments\FunctionalProgramingAssignments\Assignment_4'. The most common cause for this problem is that the editor was opened in the wrong working directory, for example if you use sbt then the workspace directory should contain build.sbt. 
Jul 18, 2020 7:37:08 PM org.eclipse.lsp4j.jsonrpc.RemoteEndpoint handleCancellation
WARNING: Unmatched cancel notification for request id 1832
2020.07.18 19:37:29 WARN  no build target for: F:\ucsc\2 year\lecs\SCS2204 FUNCTIONAL PROGEAMMING\Assignments\FunctionalProgramingAssignments\Assignment_4\Q1.scala
2020.07.18 19:39:04 WARN  no build target for: F:\ucsc\2 year\lecs\SCS2204 FUNCTIONAL PROGEAMMING\Assignments\FunctionalProgramingAssignments\Assignment_4\Q1.scala
2020.07.18 19:40:06 WARN  no build target for: F:\ucsc\2 year\lecs\SCS2204 FUNCTIONAL PROGEAMMING\Assignments\FunctionalProgramingAssignments\Assignment_4\Q1.scala
2020.07.18 19:40:33 WARN  no build target for: F:\ucsc\2 year\lecs\SCS2204 FUNCTIONAL PROGEAMMING\Assignments\FunctionalProgramingAssignments\Assignment_4\Q1.scala
2020.07.18 19:41:05 WARN  no build target for: F:\ucsc\2 year\lecs\SCS2204 FUNCTIONAL PROGEAMMING\Assignments\FunctionalProgramingAssignments\Assignment_4\Q1.scala
2020.07.18 19:43:19 WARN  no build target for: F:\ucsc\2 year\lecs\SCS2204 FUNCTIONAL PROGEAMMING\Assignments\FunctionalProgramingAssignments\Assignment_4\Q1.scala
2020.07.18 19:44:05 WARN  no build target for: F:\ucsc\2 year\lecs\SCS2204 FUNCTIONAL PROGEAMMING\Assignments\FunctionalProgramingAssignments\Assignment_4\Q1.scala
2020.07.18 19:45:07 WARN  no build target for: F:\ucsc\2 year\lecs\SCS2204 FUNCTIONAL PROGEAMMING\Assignments\FunctionalProgramingAssignments\Assignment_4\Q1.scala
2020.07.18 19:46:27 WARN  no build target for: F:\ucsc\2 year\lecs\SCS2204 FUNCTIONAL PROGEAMMING\Assignments\FunctionalProgramingAssignments\Assignment_4\Q1.scala
2020.07.18 19:49:07 WARN  no build target for: F:\ucsc\2 year\lecs\SCS2204 FUNCTIONAL PROGEAMMING\Assignments\FunctionalProgramingAssignments\Assignment_4\Q1.scala
2020.07.18 19:49:23 WARN  no build target for: F:\ucsc\2 year\lecs\SCS2204 FUNCTIONAL PROGEAMMING\Assignments\FunctionalProgramingAssignments\Assignment_4\Q1.scala
2020.07.18 19:52:55 WARN  no build target for: F:\ucsc\2 year\lecs\SCS2204 FUNCTIONAL PROGEAMMING\Assignments\FunctionalProgramingAssignments\Assignment_4\The Ceasar Cipher.scala
2020.07.18 19:55:00 WARN  no build target for: F:\ucsc\2 year\lecs\SCS2204 FUNCTIONAL PROGEAMMING\Assignments\FunctionalProgramingAssignments\Assignment_4\TheCaesarCipher.scala
2020.07.18 19:56:47 WARN  no build target for: F:\ucsc\2 year\lecs\SCS2204 FUNCTIONAL PROGEAMMING\Assignments\FunctionalProgramingAssignments\Assignment_4\TheCaesarCipher.scala
2020.07.18 19:56:49 INFO  shutting down Metals
